[debug] [2017-11-21T13:32:54.376Z] ----------------------------------------------------------------------
[debug] [2017-11-21T13:32:54.376Z] Command:       C:\Program Files\nodejs\node.exe C:\Users\hesham\AppData\Roaming\npm\node_modules\firebase-tools\bin\firebase serve
[debug] [2017-11-21T13:32:54.376Z] CLI Version:   3.15.2
[debug] [2017-11-21T13:32:54.376Z] Platform:      win32
[debug] [2017-11-21T13:32:54.376Z] Node Version:  v8.9.1
[debug] [2017-11-21T13:32:54.376Z] Time:          Tue Nov 21 2017 15:32:54 GMT+0200 (Egypt Standard Time)
[debug] [2017-11-21T13:32:54.376Z] ----------------------------------------------------------------------
[debug] 
[debug] [2017-11-21T13:32:54.392Z] > command requires scopes: ["email","openid","https://www.googleapis.com/auth/cloudplatformprojects.readonly","https://www.googleapis.com/auth/firebase","https://www.googleapis.com/auth/cloud-platform"]
[debug] [2017-11-21T13:32:54.392Z] > authorizing via signed-in user
[debug] [2017-11-21T13:32:54.392Z] >>> HTTP REQUEST GET https://admin.firebase.com/v1/projects/gasksa-de4ab  
 Tue Nov 21 2017 15:32:54 GMT+0200 (Egypt Standard Time)
[debug] [2017-11-21T13:32:55.843Z] <<< HTTP RESPONSE 200
[debug] [2017-11-21T13:32:55.843Z] >>> HTTP REQUEST GET https://admin.firebase.com/v1/database/gasksa-de4ab/tokens  
 Tue Nov 21 2017 15:32:55 GMT+0200 (Egypt Standard Time)
[debug] [2017-11-21T13:32:56.841Z] <<< HTTP RESPONSE 200
[info] 
[info] === Serving from 'G:\AlexForProgApps\Gas_web\Gas_website'...
[info] 
[debug] [2017-11-21T13:32:56.841Z] >>> HTTP REQUEST GET https://cloudresourcemanager.googleapis.com/v1/projects/gasksa-de4ab  
 Tue Nov 21 2017 15:32:56 GMT+0200 (Egypt Standard Time)
[debug] [2017-11-21T13:32:58.375Z] <<< HTTP RESPONSE 200
[debug] [2017-11-21T13:32:58.376Z] >>> HTTP REQUEST GET https://mobilesdk-pa.googleapis.com/v1/projects/193816669511/clients/_:getWebAppConfig  
 Tue Nov 21 2017 15:32:58 GMT+0200 (Egypt Standard Time)
[debug] [2017-11-21T13:32:59.696Z] <<< HTTP RESPONSE 200
[info] i  hosting: Serving hosting files from: /
[info] +  hosting: Local server: http://localhost:5000

[debug] [2017-11-21T13:49:19.248Z] ----------------------------------------------------------------------
[debug] [2017-11-21T13:49:19.250Z] Command:       C:\Program Files\nodejs\node.exe C:\Users\mahmoud\AppData\Roaming\npm\node_modules\firebase-tools\bin\firebase serve
[debug] [2017-11-21T13:49:19.251Z] CLI Version:   3.15.2
[debug] [2017-11-21T13:49:19.251Z] Platform:      win32
[debug] [2017-11-21T13:49:19.251Z] Node Version:  v8.4.0
[debug] [2017-11-21T13:49:19.252Z] Time:          Tue Nov 21 2017 15:49:19 GMT+0200 (Egypt Standard Time)
[debug] [2017-11-21T13:49:19.252Z] ----------------------------------------------------------------------
[debug] 
[debug] [2017-11-21T13:49:19.265Z] > command requires scopes: ["email","openid","https://www.googleapis.com/auth/cloudplatformprojects.readonly","https://www.googleapis.com/auth/firebase","https://www.googleapis.com/auth/cloud-platform"]
[debug] [2017-11-21T13:49:19.265Z] > authorizing via signed-in user
[debug] [2017-11-21T13:49:19.267Z] >>> HTTP REQUEST GET https://admin.firebase.com/v1/projects/gasksa-de4ab  
 Tue Nov 21 2017 15:49:19 GMT+0200 (Egypt Standard Time)
[debug] [2017-11-21T13:49:20.228Z] <<< HTTP RESPONSE 200
[debug] [2017-11-21T13:49:20.229Z] >>> HTTP REQUEST GET https://admin.firebase.com/v1/database/gasksa-de4ab/tokens  
 Tue Nov 21 2017 15:49:20 GMT+0200 (Egypt Standard Time)
[debug] [2017-11-21T13:49:20.935Z] <<< HTTP RESPONSE 200
[info] 
[info] === Serving from 'C:\Users\mahmoud\Desktop\Gas_web'...
[info] 
[debug] [2017-11-21T13:49:20.940Z] >>> HTTP REQUEST GET https://cloudresourcemanager.googleapis.com/v1/projects/gasksa-de4ab  
 Tue Nov 21 2017 15:49:20 GMT+0200 (Egypt Standard Time)
[debug] [2017-11-21T13:49:21.965Z] <<< HTTP RESPONSE 200
[debug] [2017-11-21T13:49:21.965Z] >>> HTTP REQUEST GET https://mobilesdk-pa.googleapis.com/v1/projects/193816669511/clients/_:getWebAppConfig  
 Tue Nov 21 2017 15:49:21 GMT+0200 (Egypt Standard Time)
[debug] [2017-11-21T13:49:22.672Z] <<< HTTP RESPONSE 200
[info] i  hosting: Serving hosting files from: /
[info] +  hosting: Local server: http://localhost:5000

[debug] [2017-11-22T06:24:22.559Z] ----------------------------------------------------------------------
[debug] [2017-11-22T06:24:22.562Z] Command:       C:\Program Files\nodejs\node.exe C:\Users\mahmoud\AppData\Roaming\npm\node_modules\firebase-tools\bin\firebase serve
[debug] [2017-11-22T06:24:22.563Z] CLI Version:   3.15.2
[debug] [2017-11-22T06:24:22.563Z] Platform:      win32
[debug] [2017-11-22T06:24:22.563Z] Node Version:  v8.4.0
[debug] [2017-11-22T06:24:22.564Z] Time:          Wed Nov 22 2017 08:24:22 GMT+0200 (Egypt Standard Time)
[debug] [2017-11-22T06:24:22.564Z] ----------------------------------------------------------------------
[debug] 
[debug] [2017-11-22T06:24:22.578Z] > command requires scopes: ["email","openid","https://www.googleapis.com/auth/cloudplatformprojects.readonly","https://www.googleapis.com/auth/firebase","https://www.googleapis.com/auth/cloud-platform"]
[debug] [2017-11-22T06:24:22.579Z] > authorizing via signed-in user
[debug] [2017-11-22T06:24:22.581Z] > refreshing access token with scopes: ["email","https://www.googleapis.com/auth/cloud-platform","https://www.googleapis.com/auth/cloudplatformprojects.readonly","https://www.googleapis.com/auth/firebase","openid"]
[debug] [2017-11-22T06:24:22.581Z] >>> HTTP REQUEST POST https://www.googleapis.com/oauth2/v3/token { refresh_token: '1/tjOgPMZrQLldNKUMvLg4T353bylA2cDbm1YZ6_Xb2OY',
  client_id: '563584335869-fgrhgmd47bqnekij5i8b5pr03ho849e6.apps.googleusercontent.com',
  client_secret: 'j9iVZfS8kkCEFUPaAeJV0sAi',
  grant_type: 'refresh_token',
  scope: 'email https://www.googleapis.com/auth/cloud-platform https://www.googleapis.com/auth/cloudplatformprojects.readonly https://www.googleapis.com/auth/firebase openid' } 
 Wed Nov 22 2017 08:24:22 GMT+0200 (Egypt Standard Time)
[debug] [2017-11-22T06:24:22.961Z] <<< HTTP RESPONSE 200
[debug] [2017-11-22T06:24:23.012Z] >>> HTTP REQUEST GET https://admin.firebase.com/v1/projects/gasksa-de4ab  
 Wed Nov 22 2017 08:24:23 GMT+0200 (Egypt Standard Time)
[debug] [2017-11-22T06:24:24.036Z] <<< HTTP RESPONSE 200
[debug] [2017-11-22T06:24:24.037Z] >>> HTTP REQUEST GET https://admin.firebase.com/v1/database/gasksa-de4ab/tokens  
 Wed Nov 22 2017 08:24:24 GMT+0200 (Egypt Standard Time)
[debug] [2017-11-22T06:24:24.811Z] <<< HTTP RESPONSE 200
[info] 
[info] === Serving from 'C:\Users\mahmoud\Desktop\Gas_web'...
[info] 
[debug] [2017-11-22T06:24:24.817Z] >>> HTTP REQUEST GET https://cloudresourcemanager.googleapis.com/v1/projects/gasksa-de4ab  
 Wed Nov 22 2017 08:24:24 GMT+0200 (Egypt Standard Time)
[debug] [2017-11-22T06:24:25.904Z] <<< HTTP RESPONSE 200
[debug] [2017-11-22T06:24:25.905Z] >>> HTTP REQUEST GET https://mobilesdk-pa.googleapis.com/v1/projects/193816669511/clients/_:getWebAppConfig  
 Wed Nov 22 2017 08:24:25 GMT+0200 (Egypt Standard Time)
[debug] [2017-11-22T06:24:27.155Z] <<< HTTP RESPONSE 200
[info] i  hosting: Serving hosting files from: /
[info] +  hosting: Local server: http://localhost:5000

